Line 15: Class TabDlg.SSTab of control SSTab1 was not a loaded control class.
Line 175: Class MSAdodcLib.Adodc of control Adodc1 was not a loaded control class.
Line 221: Class MSDataGridLib.DataGrid of control DataGrid1 was not a loaded control class.
Line 21: The property name _ExtentX in SSTab1 is invalid.
Line 22: The property name _ExtentY in SSTab1 is invalid.
Line 23: The property name _Version in SSTab1 is invalid.
Line 24: The property name Tabs in SSTab1 is invalid.
Line 25: The property name TabHeight in SSTab1 is invalid.
Line 35: The property name TabCaption(0) in SSTab1 is invalid.
Line 36: The property name TabPicture(0) in SSTab1 is invalid.
Line 37: The property name Tab(0).ControlEnabled in SSTab1 is invalid.
Line 38: The property name Tab(0).Control(0) in SSTab1 is invalid.
Line 39: The property name Tab(0).Control(0).Enabled in SSTab1 is invalid.
Line 40: The property name Tab(0).Control(1) in SSTab1 is invalid.
Line 41: The property name Tab(0).Control(1).Enabled in SSTab1 is invalid.
Line 42: The property name Tab(0).Control(2) in SSTab1 is invalid.
Line 43: The property name Tab(0).Control(2).Enabled in SSTab1 is invalid.
Line 44: The property name Tab(0).Control(3) in SSTab1 is invalid.
Line 45: The property name Tab(0).Control(3).Enabled in SSTab1 is invalid.
Line 46: The property name Tab(0).Control(4) in SSTab1 is invalid.
Line 47: The property name Tab(0).Control(4).Enabled in SSTab1 is invalid.
Line 48: The property name Tab(0).Control(5) in SSTab1 is invalid.
Line 49: The property name Tab(0).Control(5).Enabled in SSTab1 is invalid.
Line 50: The property name Tab(0).Control(6) in SSTab1 is invalid.
Line 51: The property name Tab(0).Control(6).Enabled in SSTab1 is invalid.
Line 52: The property name Tab(0).Control(7) in SSTab1 is invalid.
Line 53: The property name Tab(0).Control(7).Enabled in SSTab1 is invalid.
Line 54: The property name Tab(0).Control(8) in SSTab1 is invalid.
Line 55: The property name Tab(0).Control(8).Enabled in SSTab1 is invalid.
Line 56: The property name Tab(0).Control(9) in SSTab1 is invalid.
Line 57: The property name Tab(0).Control(9).Enabled in SSTab1 is invalid.
Line 58: The property name Tab(0).Control(10) in SSTab1 is invalid.
Line 59: The property name Tab(0).Control(10).Enabled in SSTab1 is invalid.
Line 60: The property name Tab(0).Control(11) in SSTab1 is invalid.
Line 61: The property name Tab(0).Control(11).Enabled in SSTab1 is invalid.
Line 62: The property name Tab(0).Control(12) in SSTab1 is invalid.
Line 63: The property name Tab(0).Control(12).Enabled in SSTab1 is invalid.
Line 64: The property name Tab(0).Control(13) in SSTab1 is invalid.
Line 65: The property name Tab(0).Control(13).Enabled in SSTab1 is invalid.
Line 66: The property name Tab(0).Control(14) in SSTab1 is invalid.
Line 67: The property name Tab(0).Control(14).Enabled in SSTab1 is invalid.
Line 68: The property name Tab(0).Control(15) in SSTab1 is invalid.
Line 69: The property name Tab(0).Control(15).Enabled in SSTab1 is invalid.
Line 70: The property name Tab(0).Control(16) in SSTab1 is invalid.
Line 71: The property name Tab(0).Control(16).Enabled in SSTab1 is invalid.
Line 72: The property name Tab(0).Control(17) in SSTab1 is invalid.
Line 73: The property name Tab(0).Control(17).Enabled in SSTab1 is invalid.
Line 74: The property name Tab(0).Control(18) in SSTab1 is invalid.
Line 75: The property name Tab(0).Control(18).Enabled in SSTab1 is invalid.
Line 76: The property name Tab(0).Control(19) in SSTab1 is invalid.
Line 77: The property name Tab(0).Control(19).Enabled in SSTab1 is invalid.
Line 78: The property name Tab(0).Control(20) in SSTab1 is invalid.
Line 79: The property name Tab(0).Control(20).Enabled in SSTab1 is invalid.
Line 80: The property name Tab(0).Control(21) in SSTab1 is invalid.
Line 81: The property name Tab(0).Control(21).Enabled in SSTab1 is invalid.
Line 82: The property name Tab(0).Control(22) in SSTab1 is invalid.
Line 83: The property name Tab(0).Control(22).Enabled in SSTab1 is invalid.
Line 84: The property name Tab(0).Control(23) in SSTab1 is invalid.
Line 85: The property name Tab(0).Control(23).Enabled in SSTab1 is invalid.
Line 86: The property name Tab(0).Control(24) in SSTab1 is invalid.
Line 87: The property name Tab(0).Control(24).Enabled in SSTab1 is invalid.
Line 88: The property name Tab(0).Control(25) in SSTab1 is invalid.
Line 89: The property name Tab(0).Control(25).Enabled in SSTab1 is invalid.
Line 90: The property name Tab(0).Control(26) in SSTab1 is invalid.
Line 91: The property name Tab(0).Control(26).Enabled in SSTab1 is invalid.
Line 92: The property name Tab(0).Control(27) in SSTab1 is invalid.
Line 93: The property name Tab(0).Control(27).Enabled in SSTab1 is invalid.
Line 94: The property name Tab(0).Control(28) in SSTab1 is invalid.
Line 95: The property name Tab(0).Control(28).Enabled in SSTab1 is invalid.
Line 96: The property name Tab(0).Control(29) in SSTab1 is invalid.
Line 97: The property name Tab(0).Control(29).Enabled in SSTab1 is invalid.
Line 98: The property name Tab(0).Control(30) in SSTab1 is invalid.
Line 99: The property name Tab(0).Control(30).Enabled in SSTab1 is invalid.
Line 100: The property name Tab(0).ControlCount in SSTab1 is invalid.
Line 101: The property name TabCaption(1) in SSTab1 is invalid.
Line 102: The property name TabPicture(1) in SSTab1 is invalid.
Line 103: The property name Tab(1).ControlEnabled in SSTab1 is invalid.
Line 104: The property name Tab(1).Control(0) in SSTab1 is invalid.
Line 105: The property name Tab(1).Control(1) in SSTab1 is invalid.
Line 106: The property name Tab(1).ControlCount in SSTab1 is invalid.
Line 180: The property name _ExtentX in Adodc1 is invalid.
Line 181: The property name _ExtentY in Adodc1 is invalid.
Line 182: The property name ConnectMode in Adodc1 is invalid.
Line 183: The property name CursorLocation in Adodc1 is invalid.
Line 184: The property name IsolationLevel in Adodc1 is invalid.
Line 185: The property name ConnectionTimeout in Adodc1 is invalid.
Line 186: The property name CommandTimeout in Adodc1 is invalid.
Line 187: The property name CursorType in Adodc1 is invalid.
Line 188: The property name LockType in Adodc1 is invalid.
Line 189: The property name CommandType in Adodc1 is invalid.
Line 190: The property name CursorOptions in Adodc1 is invalid.
Line 191: The property name CacheSize in Adodc1 is invalid.
Line 192: The property name MaxRecords in Adodc1 is invalid.
Line 193: The property name BOFAction in Adodc1 is invalid.
Line 194: The property name EOFAction in Adodc1 is invalid.
Line 195: The property name ConnectStringType in Adodc1 is invalid.
Line 199: The property name Orientation in Adodc1 is invalid.
Line 201: The property name Connect in Adodc1 is invalid.
Line 202: The property name OLEDBString in Adodc1 is invalid.
Line 203: The property name OLEDBFile in Adodc1 is invalid.
Line 204: The property name DataSourceName in Adodc1 is invalid.
Line 205: The property name OtherAttributes in Adodc1 is invalid.
Line 206: The property name UserName in Adodc1 is invalid.
Line 207: The property name Password in Adodc1 is invalid.
Line 208: The property name RecordSource in Adodc1 is invalid.
Line 209: The property name Caption in Adodc1 is invalid.
Line 219: The property name _Version in Adodc1 is invalid.
Line 227: The property name _ExtentX in DataGrid1 is invalid.
Line 228: The property name _ExtentY in DataGrid1 is invalid.
Line 229: The property name _Version in DataGrid1 is invalid.
Line 230: The property name HeadLines in DataGrid1 is invalid.
Line 231: The property name RowHeight in DataGrid1 is invalid.
Line 240: The property name HeadFont in DataGrid1 is invalid.
Line 250: The property name ColumnCount in DataGrid1 is invalid.
Line 263: The property name Column00 in DataGrid1 is invalid.
Line 276: The property name Column01 in DataGrid1 is invalid.
Line 277: The property name SplitCount in DataGrid1 is invalid.
Line 283: The property name Split0 in DataGrid1 is invalid.
